Project: ht_gnssdemo
Converter: ST System Workbench for STM32 project converter
Date: 20190511

Unknown value type "" for id fr.ac6.managedbuild.gnu.cpp.compiler.option.optimization.level on tool fr.ac6.managedbuild.tool.gnu.cross.cpp.compiler
Option fr.ac6.managedbuild.tool.gnu.cross.cpp.linker.noexceptions is no longer supported
Option fr.ac6.managedbuild.tool.gnu.cross.cpp.linker.nortti is no longer supported
Option fr.ac6.managedbuild.tool.gnu.cross.cpp.linker.noexceptions is no longer supported
Option fr.ac6.managedbuild.tool.gnu.cross.cpp.linker.nortti is no longer supported
Unknown value type "" for id fr.ac6.managedbuild.gnu.cpp.compiler.option.optimization.level on tool fr.ac6.managedbuild.tool.gnu.cross.cpp.compiler
Option fr.ac6.managedbuild.tool.gnu.cross.cpp.linker.noexceptions is no longer supported
Option fr.ac6.managedbuild.tool.gnu.cross.cpp.linker.nortti is no longer supported
Unknown value type "" for id gnu.both.asm.option.include.paths on tool fr.ac6.managedbuild.tool.gnu.cross.assembler
Unknown value type "" for id fr.ac6.managedbuild.gnu.cpp.compiler.option.optimization.level on tool fr.ac6.managedbuild.tool.gnu.cross.cpp.compiler
Option fr.ac6.managedbuild.tool.gnu.cross.cpp.linker.noexceptions is no longer supported
Option fr.ac6.managedbuild.tool.gnu.cross.cpp.linker.nortti is no longer supported
Unknown value type "" for id gnu.both.asm.option.include.paths on tool fr.ac6.managedbuild.tool.gnu.cross.assembler
Unknown value type "" for id fr.ac6.managedbuild.gnu.cpp.compiler.option.optimization.level on tool fr.ac6.managedbuild.tool.gnu.cross.cpp.compiler
Option fr.ac6.managedbuild.tool.gnu.cross.cpp.linker.noexceptions is no longer supported
Option fr.ac6.managedbuild.tool.gnu.cross.cpp.linker.nortti is no longer supported
Unknown value type "" for id gnu.both.asm.option.include.paths on tool fr.ac6.managedbuild.tool.gnu.cross.assembler
Warning: Failed to find matching board for HTLoRa_R1
Unknown value type "" for id fr.ac6.managedbuild.gnu.cpp.compiler.option.optimization.level on tool fr.ac6.managedbuild.tool.gnu.cross.cpp.compiler
Option fr.ac6.managedbuild.tool.gnu.cross.cpp.linker.noexceptions is no longer supported
Option fr.ac6.managedbuild.tool.gnu.cross.cpp.linker.nortti is no longer supported
Unknown value type "" for id gnu.both.asm.option.include.paths on tool fr.ac6.managedbuild.tool.gnu.cross.assembler
